<?xml version="1.0" encoding="UTF-8"?>
<coverage generated="1610217580">
  <project timestamp="1610217580">
    <file name="C:\Users\Niklas Ekman\MyStuff\workspaces\luhn-algorithm\src\Contract\LuhnAlgorithmExceptionInterface.php">
      <metrics loc="37" ncloc="12" classes="0" methods="0" coveredmethods="0" conditionals="0" coveredconditionals="0" statements="0" coveredstatements="0" elements="0" coveredelements="0"/>
    </file>
    <file name="C:\Users\Niklas Ekman\MyStuff\workspaces\luhn-algorithm\src\Contract\LuhnAlgorithmInterface.php">
      <metrics loc="67" ncloc="17" classes="0" methods="0" coveredmethods="0" conditionals="0" coveredconditionals="0" statements="0" coveredstatements="0" elements="0" coveredelements="0"/>
    </file>
    <file name="C:\Users\Niklas Ekman\MyStuff\workspaces\luhn-algorithm\src\Contract\NumberInterface.php">
      <metrics loc="48" ncloc="13" classes="0" methods="0" coveredmethods="0" conditionals="0" coveredconditionals="0" statements="0" coveredstatements="0" elements="0" coveredelements="0"/>
    </file>
    <package name="Nekman\LuhnAlgorithm\Exceptions">
      <file name="C:\Users\Niklas Ekman\MyStuff\workspaces\luhn-algorithm\src\Exceptions\ArgumentIsNotNumericException.php">
        <class name="Nekman\LuhnAlgorithm\Exceptions\ArgumentIsNotNumericException" namespace="Nekman\LuhnAlgorithm\Exceptions">
          <metrics complexity="1" methods="1" coveredmethods="1" conditionals="0" coveredconditionals="0" statements="2" coveredstatements="2" elements="3" coveredelements="3"/>
        </class>
        <line num="38" type="method" name="__construct" visibility="public" complexity="1" crap="1" count="8"/>
        <line num="40" type="stmt" count="8"/>
        <line num="41" type="stmt" count="8"/>
        <metrics loc="42" ncloc="17" classes="1" methods="1" coveredmethods="1" conditionals="0" coveredconditionals="0" statements="2" coveredstatements="2" elements="3" coveredelements="3"/>
      </file>
      <file name="C:\Users\Niklas Ekman\MyStuff\workspaces\luhn-algorithm\src\Exceptions\MissingCheckDigitException.php">
        <class name="Nekman\LuhnAlgorithm\Exceptions\MissingCheckDigitException" namespace="Nekman\LuhnAlgorithm\Exceptions">
          <metrics complexity="0" methods="0" coveredmethods="0" conditionals="0" coveredconditionals="0" statements="0" coveredstatements="0" elements="0" coveredelements="0"/>
        </class>
        <metrics loc="37" ncloc="12" classes="0" methods="0" coveredmethods="0" conditionals="0" coveredconditionals="0" statements="0" coveredstatements="0" elements="0" coveredelements="0"/>
      </file>
    </package>
    <package name="Nekman\LuhnAlgorithm">
      <file name="C:\Users\Niklas Ekman\MyStuff\workspaces\luhn-algorithm\src\LuhnAlgorithm.php">
        <class name="Nekman\LuhnAlgorithm\LuhnAlgorithm" namespace="Nekman\LuhnAlgorithm">
          <metrics complexity="9" methods="4" coveredmethods="4" conditionals="0" coveredconditionals="0" statements="22" coveredstatements="22" elements="26" coveredelements="26"/>
        </class>
        <line num="44" type="method" name="__construct" visibility="public" complexity="1" crap="1" count="16"/>
        <line num="46" type="stmt" count="16"/>
        <line num="51" type="method" name="isValid" visibility="public" complexity="2" crap="2" count="9"/>
        <line num="53" type="stmt" count="9"/>
        <line num="54" type="stmt" count="3"/>
        <line num="57" type="stmt" count="6"/>
        <line num="59" type="stmt" count="6"/>
        <line num="65" type="method" name="calcChecksum" visibility="public" complexity="4" crap="4" count="12"/>
        <line num="67" type="stmt" count="12"/>
        <line num="68" type="stmt" count="12"/>
        <line num="70" type="stmt" count="12"/>
        <line num="71" type="stmt" count="12"/>
        <line num="73" type="stmt" count="12"/>
        <line num="74" type="stmt" count="12"/>
        <line num="78" type="stmt" count="12"/>
        <line num="79" type="stmt" count="12"/>
        <line num="81" type="stmt" count="12"/>
        <line num="82" type="stmt" count="11"/>
        <line num="86" type="stmt" count="12"/>
        <line num="89" type="stmt" count="12"/>
        <line num="95" type="method" name="calcCheckDigit" visibility="public" complexity="2" crap="2" count="4"/>
        <line num="97" type="stmt" count="4"/>
        <line num="100" type="stmt" count="4"/>
        <line num="102" type="stmt" count="4"/>
        <line num="103" type="stmt" count="1"/>
        <line num="104" type="stmt" count="4"/>
        <metrics loc="106" ncloc="59" classes="1" methods="4" coveredmethods="4" conditionals="0" coveredconditionals="0" statements="22" coveredstatements="22" elements="26" coveredelements="26"/>
      </file>
      <file name="C:\Users\Niklas Ekman\MyStuff\workspaces\luhn-algorithm\src\LuhnAlgorithmFactory.php">
        <class name="Nekman\LuhnAlgorithm\LuhnAlgorithmFactory" namespace="Nekman\LuhnAlgorithm">
          <metrics complexity="2" methods="1" coveredmethods="1" conditionals="0" coveredconditionals="0" statements="1" coveredstatements="1" elements="2" coveredelements="2"/>
        </class>
        <line num="50" type="method" name="create" visibility="public" complexity="1" crap="1" count="1"/>
        <line num="52" type="stmt" count="1"/>
        <metrics loc="54" ncloc="19" classes="1" methods="1" coveredmethods="1" conditionals="0" coveredconditionals="0" statements="1" coveredstatements="1" elements="2" coveredelements="2"/>
      </file>
      <file name="C:\Users\Niklas Ekman\MyStuff\workspaces\luhn-algorithm\src\Number.php">
        <class name="Nekman\LuhnAlgorithm\Number" namespace="Nekman\LuhnAlgorithm">
          <metrics complexity="9" methods="7" coveredmethods="7" conditionals="0" coveredconditionals="0" statements="18" coveredstatements="18" elements="25" coveredelements="25"/>
        </class>
        <line num="55" type="method" name="__construct" visibility="public" complexity="2" crap="2" count="12"/>
        <line num="57" type="stmt" count="12"/>
        <line num="58" type="stmt" count="4"/>
        <line num="61" type="stmt" count="8"/>
        <line num="62" type="stmt" count="8"/>
        <line num="63" type="stmt" count="8"/>
        <line num="75" type="method" name="fromString" visibility="public" complexity="2" crap="2" count="9"/>
        <line num="77" type="stmt" count="9"/>
        <line num="79" type="stmt" count="9"/>
        <line num="80" type="stmt" count="4"/>
        <line num="83" type="stmt" count="5"/>
        <line num="86" type="stmt" count="5"/>
        <line num="89" type="stmt" count="5"/>
        <line num="91" type="stmt" count="5"/>
        <line num="97" type="method" name="getNumber" visibility="public" complexity="1" crap="1" count="15"/>
        <line num="99" type="stmt" count="15"/>
        <line num="105" type="method" name="getCheckDigit" visibility="public" complexity="1" crap="1" count="12"/>
        <line num="107" type="stmt" count="12"/>
        <line num="114" type="method" name="__toString" visibility="public" complexity="1" crap="1" count="1"/>
        <line num="116" type="stmt" count="1"/>
        <line num="119" type="method" name="serialize" visibility="public" complexity="1" crap="1" count="1"/>
        <line num="121" type="stmt" count="1"/>
        <line num="124" type="method" name="unserialize" visibility="public" complexity="1" crap="1" count="1"/>
        <line num="126" type="stmt" count="1"/>
        <line num="127" type="stmt" count="1"/>
        <metrics loc="128" ncloc="68" classes="1" methods="7" coveredmethods="7" conditionals="0" coveredconditionals="0" statements="18" coveredstatements="18" elements="25" coveredelements="25"/>
      </file>
    </package>
    <metrics files="8" loc="519" ncloc="217" classes="4" methods="13" coveredmethods="13" conditionals="0" coveredconditionals="0" statements="43" coveredstatements="43" elements="56" coveredelements="56"/>
  </project>
</coverage>
